Arguments: 
  /Users/laurabennett/.nvm/versions/node/v14.15.5/bin/node /Users/laurabennett/.nvm/versions/node/v14.15.5/bin/yarn init

PATH: 
  /usr/local/opt/ruby/bin:/usr/local/opt/curl/bin:/usr/local/opt/yq@3/bin:/Users/laurabennett/bin:/Users/laurabennett/.nvm/versions/node/v14.15.5/bin:/usr/local/bin:/usr/bin:/bin:/usr/sbin:/sbin:/Library/Apple/usr/bin

Yarn version: 
  1.22.10

Node version: 
  14.15.5

Platform: 
  darwin x64

Trace: 
  Error: canceled
      at Interface.<anonymous> (/Users/laurabennett/.nvm/versions/node/v14.15.5/lib/node_modules/yarn/lib/cli.js:136216:13)
      at Interface.emit (events.js:315:20)
      at Interface._ttyWrite (readline.js:875:16)
      at ReadStream.onkeypress (readline.js:213:10)
      at ReadStream.emit (events.js:315:20)
      at emitKeys (internal/readline/utils.js:345:14)
      at emitKeys.next (<anonymous>)
      at ReadStream.onData (readline.js:1144:36)
      at ReadStream.emit (events.js:315:20)
      at addChunk (internal/streams/readable.js:309:12)

npm manifest: 
  No manifest

yarn manifest: 
  No manifest

Lockfile: 
  No lockfile
